
[Fri Nov 05 2021 10:41:40 GMT-0500 (hora estándar de Colombia)] info Server on port: 3000
[Fri Nov 05 2021 10:41:40 GMT-0500 (hora estándar de Colombia)] info Database running
[Fri Nov 05 2021 10:41:47 GMT-0500 (hora estándar de Colombia)] info Server on port: 3000
[Fri Nov 05 2021 10:41:47 GMT-0500 (hora estándar de Colombia)] info Database running
[Fri Nov 05 2021 10:44:08 GMT-0500 (hora estándar de Colombia)] info Server on port: 3000
[Fri Nov 05 2021 10:44:08 GMT-0500 (hora estándar de Colombia)] info Database running
[Fri Nov 05 2021 10:44:23 GMT-0500 (hora estándar de Colombia)] info Server on port: 3000
[Fri Nov 05 2021 10:44:24 GMT-0500 (hora estándar de Colombia)] info Database running
[Fri Nov 05 2021 10:46:14 GMT-0500 (hora estándar de Colombia)] info Server on port: 3000
[Fri Nov 05 2021 10:46:14 GMT-0500 (hora estándar de Colombia)] info Database running
[Fri Nov 05 2021 10:46:58 GMT-0500 (hora estándar de Colombia)] info Server on port: 3000
[Fri Nov 05 2021 10:46:58 GMT-0500 (hora estándar de Colombia)] info Database running
[Fri Nov 05 2021 10:47:11 GMT-0500 (hora estándar de Colombia)] info Server on port: 3000
[Fri Nov 05 2021 10:47:11 GMT-0500 (hora estándar de Colombia)] info Database running
[Fri Nov 05 2021 10:47:42 GMT-0500 (hora estándar de Colombia)] info Server on port: 3000
[Fri Nov 05 2021 10:47:42 GMT-0500 (hora estándar de Colombia)] info Database running
[Fri Nov 05 2021 10:48:08 GMT-0500 (hora estándar de Colombia)] info Server on port: 3000
[Fri Nov 05 2021 10:48:08 GMT-0500 (hora estándar de Colombia)] info Database running
[Fri Nov 05 2021 10:48:39 GMT-0500 (hora estándar de Colombia)] info Server on port: 3000
[Fri Nov 05 2021 10:48:39 GMT-0500 (hora estándar de Colombia)] info Database running
[Fri Nov 05 2021 10:52:40 GMT-0500 (hora estándar de Colombia)] info Server on port: 3000
[Fri Nov 05 2021 10:52:40 GMT-0500 (hora estándar de Colombia)] info Database running
[Fri Nov 05 2021 10:54:16 GMT-0500 (hora estándar de Colombia)] info Server on port: 3000
[Fri Nov 05 2021 10:54:16 GMT-0500 (hora estándar de Colombia)] info Database running
[Fri Nov 05 2021 10:56:49 GMT-0500 (hora estándar de Colombia)] error Error
[Fri Nov 05 2021 10:56:49 GMT-0500 (hora estándar de Colombia)] info Server on port: 3000
[Fri Nov 05 2021 10:56:49 GMT-0500 (hora estándar de Colombia)] info Database running
[Fri Nov 05 2021 10:57:33 GMT-0500 (hora estándar de Colombia)] info Server on port: 3000
[Fri Nov 05 2021 10:57:33 GMT-0500 (hora estándar de Colombia)] info Database running
[Fri Nov 05 2021 10:59:26 GMT-0500 (hora estándar de Colombia)] info Server on port: 3000
[Fri Nov 05 2021 10:59:26 GMT-0500 (hora estándar de Colombia)] info Database running
[Fri Nov 05 2021 10:59:35 GMT-0500 (hora estándar de Colombia)] error The user is already registered.
[Fri Nov 05 2021 11:07:59 GMT-0500 (hora estándar de Colombia)] info Server on port: 3000
[Fri Nov 05 2021 11:07:59 GMT-0500 (hora estándar de Colombia)] info Database running.
[Fri Nov 05 2021 11:08:02 GMT-0500 (hora estándar de Colombia)] error The user is already registered.
[Fri Nov 05 2021 11:08:49 GMT-0500 (hora estándar de Colombia)] info Server on port: 3000
[Fri Nov 05 2021 11:08:49 GMT-0500 (hora estándar de Colombia)] info Database running.
[Fri Nov 05 2021 11:08:52 GMT-0500 (hora estándar de Colombia)] error The user is already registered.
[Fri Nov 05 2021 11:09:17 GMT-0500 (hora estándar de Colombia)] error The user is already registered.
[Fri Nov 05 2021 11:09:27 GMT-0500 (hora estándar de Colombia)] info Server on port: 3000
[Fri Nov 05 2021 11:09:27 GMT-0500 (hora estándar de Colombia)] info Database running.
[Fri Nov 05 2021 11:09:31 GMT-0500 (hora estándar de Colombia)] info User create: 
[Fri Nov 05 2021 11:11:21 GMT-0500 (hora estándar de Colombia)] info Server on port: 3000
[Fri Nov 05 2021 11:11:21 GMT-0500 (hora estándar de Colombia)] info Database running.
[Fri Nov 05 2021 11:11:24 GMT-0500 (hora estándar de Colombia)] info User create: 
[Fri Nov 05 2021 11:11:59 GMT-0500 (hora estándar de Colombia)] info Server on port: 3000
[Fri Nov 05 2021 11:11:59 GMT-0500 (hora estándar de Colombia)] info Database running.
[Fri Nov 05 2021 11:12:01 GMT-0500 (hora estándar de Colombia)] info User create: 
